\BOOKMARK [0][-]{chapter.1}{Context}{}% 1
\BOOKMARK [0][-]{chapter.2}{Analysis Of Existing}{}% 2
\BOOKMARK [1][-]{section.2.1}{Summary of the problem}{chapter.2}% 3
\BOOKMARK [1][-]{section.2.2}{Existing models}{chapter.2}% 4
\BOOKMARK [2][-]{subsection.2.2.1}{Random Walk}{section.2.2}% 5
\BOOKMARK [2][-]{subsection.2.2.2}{Random Waypoint}{section.2.2}% 6
\BOOKMARK [2][-]{subsection.2.2.3}{City section}{section.2.2}% 7
\BOOKMARK [2][-]{subsection.2.2.4}{Gauss-Markov}{section.2.2}% 8
\BOOKMARK [2][-]{subsection.2.2.5}{Reference Point Group Mobility Model}{section.2.2}% 9
\BOOKMARK [2][-]{subsection.2.2.6}{Social Network Theory}{section.2.2}% 10
\BOOKMARK [2][-]{subsection.2.2.7}{Pheromone}{section.2.2}% 11
\BOOKMARK [2][-]{subsection.2.2.8}{Natural Agent}{section.2.2}% 12
\BOOKMARK [0][-]{chapter.3}{Scenarios}{}% 13
\BOOKMARK [0][-]{chapter.4}{Needs Analysis}{}% 14
\BOOKMARK [1][-]{section.4.1}{Functional Requirements}{chapter.4}% 15
\BOOKMARK [1][-]{section.4.2}{Non-Functional Requirements}{chapter.4}% 16
\BOOKMARK [0][-]{chapter.5}{Schedule}{}% 17
\BOOKMARK [1][-]{section.5.1}{Tasks List}{chapter.5}% 18
\BOOKMARK [1][-]{section.5.2}{GANTT}{chapter.5}% 19
\BOOKMARK [0][-]{chapter.6}{Works Done}{}% 20
\BOOKMARK [1][-]{section.6.1}{What we implemented}{chapter.6}% 21
\BOOKMARK [2][-]{subsection.6.1.1}{Architecture}{section.6.1}% 22
\BOOKMARK [2][-]{subsection.6.1.2}{Random model}{section.6.1}% 23
\BOOKMARK [2][-]{subsection.6.1.3}{Random Waypoint Model}{section.6.1}% 24
\BOOKMARK [2][-]{subsection.6.1.4}{Pheromone model}{section.6.1}% 25
\BOOKMARK [1][-]{section.6.2}{Difficulties Encountered \046 Solutions}{chapter.6}% 26
\BOOKMARK [0][-]{chapter.7}{Results}{}% 27
\BOOKMARK [1][-]{section.7.1}{The article}{chapter.7}% 28
\BOOKMARK [2][-]{subsection.7.1.1}{Scan Coverage}{section.7.1}% 29
\BOOKMARK [2][-]{subsection.7.1.2}{Scan Characteristic}{section.7.1}% 30
\BOOKMARK [2][-]{subsection.7.1.3}{Never scanned area}{section.7.1}% 31
\BOOKMARK [2][-]{subsection.7.1.4}{Connectivity}{section.7.1}% 32
\BOOKMARK [0][-]{chapter.8}{Tests}{}% 33
\BOOKMARK [0][-]{chapter.9}{Improvements}{}% 34
\BOOKMARK [1][-]{section.9.1}{Mobility models}{chapter.9}% 35
\BOOKMARK [0][-]{chapter.10}{Development Environment and Conventions}{}% 36
\BOOKMARK [1][-]{section.10.1}{Development Environment}{chapter.10}% 37
\BOOKMARK [2][-]{subsection.10.1.1}{github}{section.10.1}% 38
\BOOKMARK [2][-]{subsection.10.1.2}{Eclipse}{section.10.1}% 39
\BOOKMARK [1][-]{section.10.2}{Programming Conventions}{chapter.10}% 40
\BOOKMARK [0][-]{chapter.11}{Conclusion}{}% 41
